# JRE version: Java(TM) SE Runtime Environment (19.0.2+7) (build 19.0.2+7-44)
# Java VM: Java HotSpot(TM) 64-Bit Server VM (19.0.2+7-44, mixed mode, sharing, tiered, compressed oops, compressed class ptrs, g1 gc, windows-amd64)
GC Precious Log:
 CardTable entry size: 512
 Card Set container configuration: InlinePtr #cards 4 size 8 Array Of Cards #cards 16 size 48 Howl #buckets 8 coarsen threshold 3686 Howl Bitmap #cards 512 size 80 coarsen threshold 460 Card regions per heap region 1 cards per card region 4096
 CPUs: 8 total, 8 available
 Memory: 16264M
 Large Page Support: Disabled
 NUMA Support: Disabled
 Compressed Oops: Enabled (Zero based)
 Heap Region Size: 2M
 Heap Min Capacity: 8M
 Heap Initial Capacity: 256M
 Heap Max Capacity: 4068M
 Pre-touch: Disabled
 Parallel Workers: 8
 Concurrent Workers: 2
 Concurrent Refinement Workers: 8
 Periodic GC: Disabled
Heap:
 garbage-first heap   total 161792K, used 70506K [0x0000000701c00000, 0x0000000800000000)
  region size 2048K, 21 young (43008K), 1 survivors (2048K)
 Metaspace       used 80202K, committed 80960K, reserved 1179648K
  class space    used 10591K, committed 10944K, reserved 1048576K
GC Heap History (20 events):
Event: 496.753 GC heap before
{Heap before GC invocations=52 (full 0):
 garbage-first heap   total 161792K, used 125694K [0x0000000701c00000, 0x0000000800000000)
  region size 2048K, 47 young (96256K), 1 survivors (2048K)
 Metaspace       used 79997K, committed 80768K, reserved 1179648K
  class space    used 10561K, committed 10944K, reserved 1048576K
}
Event: 496.754 GC heap after
{Heap after GC invocations=53 (full 0):
 garbage-first heap   total 161792K, used 31484K [0x0000000701c00000, 0x0000000800000000)
  region size 2048K, 1 young (2048K), 1 survivors (2048K)
 Metaspace       used 79997K, committed 80768K, reserved 1179648K
  class space    used 10561K, committed 10944K, reserved 1048576K
}
Event: 500.050 GC heap before
{Heap before GC invocations=53 (full 0):
 garbage-first heap   total 161792K, used 125692K [0x0000000701c00000, 0x0000000800000000)
  region size 2048K, 47 young (96256K), 1 survivors (2048K)
 Metaspace       used 79998K, committed 80768K, reserved 1179648K
  class space    used 10561K, committed 10944K, reserved 1048576K
}
Event: 500.051 GC heap after
{Heap after GC invocations=54 (full 0):
 garbage-first heap   total 161792K, used 31490K [0x0000000701c00000, 0x0000000800000000)
  region size 2048K, 1 young (2048K), 1 survivors (2048K)
 Metaspace       used 79998K, committed 80768K, reserved 1179648K
  class space    used 10561K, committed 10944K, reserved 1048576K
}
Event: 503.338 GC heap before
{Heap before GC invocations=54 (full 0):
 garbage-first heap   total 161792K, used 125698K [0x0000000701c00000, 0x0000000800000000)
  region size 2048K, 47 young (96256K), 1 survivors (2048K)
 Metaspace       used 80003K, committed 80768K, reserved 1179648K
  class space    used 10561K, committed 10944K, reserved 1048576K
}
Event: 503.339 GC heap after
{Heap after GC invocations=55 (full 0):
 garbage-first heap   total 161792K, used 31490K [0x0000000701c00000, 0x0000000800000000)
  region size 2048K, 1 young (2048K), 1 survivors (2048K)
 Metaspace       used 80003K, committed 80768K, reserved 1179648K
  class space    used 10561K, committed 10944K, reserved 1048576K
}
Event: 506.351 GC heap before
{Heap before GC invocations=55 (full 0):
 garbage-first heap   total 161792K, used 125698K [0x0000000701c00000, 0x0000000800000000)
  region size 2048K, 47 young (96256K), 1 survivors (2048K)
 Metaspace       used 80003K, committed 80768K, reserved 1179648K
  class space    used 10561K, committed 10944K, reserved 1048576K
}
Event: 506.352 GC heap after
{Heap after GC invocations=56 (full 0):
 garbage-first heap   total 161792K, used 31495K [0x0000000701c00000, 0x0000000800000000)
  region size 2048K, 1 young (2048K), 1 survivors (2048K)
 Metaspace       used 80003K, committed 80768K, reserved 1179648K
  class space    used 10561K, committed 10944K, reserved 1048576K
}
Event: 510.202 GC heap before
{Heap before GC invocations=56 (full 0):
 garbage-first heap   total 161792K, used 125703K [0x0000000701c00000, 0x0000000800000000)
  region size 2048K, 47 young (96256K), 1 survivors (2048K)
 Metaspace       used 80003K, committed 80768K, reserved 1179648K
  class space    used 10561K, committed 10944K, reserved 1048576K
}
Event: 510.202 GC heap after
{Heap after GC invocations=57 (full 0):
 garbage-first heap   total 161792K, used 31503K [0x0000000701c00000, 0x0000000800000000)
  region size 2048K, 1 young (2048K), 1 survivors (2048K)
 Metaspace       used 80003K, committed 80768K, reserved 1179648K
  class space    used 10561K, committed 10944K, reserved 1048576K
}
Event: 513.237 GC heap before
{Heap before GC invocations=57 (full 0):
 garbage-first heap   total 161792K, used 125711K [0x0000000701c00000, 0x0000000800000000)
  region size 2048K, 47 young (96256K), 1 survivors (2048K)
 Metaspace       used 80003K, committed 80768K, reserved 1179648K
  class space    used 10561K, committed 10944K, reserved 1048576K
}
Event: 513.238 GC heap after
{Heap after GC invocations=58 (full 0):
 garbage-first heap   total 161792K, used 31492K [0x0000000701c00000, 0x0000000800000000)
  region size 2048K, 1 young (2048K), 1 survivors (2048K)
 Metaspace       used 80003K, committed 80768K, reserved 1179648K
  class space    used 10561K, committed 10944K, reserved 1048576K
}
Event: 516.706 GC heap before
{Heap before GC invocations=58 (full 0):
 garbage-first heap   total 161792K, used 125700K [0x0000000701c00000, 0x0000000800000000)
  region size 2048K, 47 young (96256K), 1 survivors (2048K)
 Metaspace       used 80003K, committed 80768K, reserved 1179648K
  class space    used 10561K, committed 10944K, reserved 1048576K
}
Event: 516.707 GC heap after
{Heap after GC invocations=59 (full 0):
 garbage-first heap   total 161792K, used 31500K [0x0000000701c00000, 0x0000000800000000)
  region size 2048K, 1 young (2048K), 1 survivors (2048K)
 Metaspace       used 80003K, committed 80768K, reserved 1179648K
  class space    used 10561K, committed 10944K, reserved 1048576K
}
Event: 524.901 GC heap before
{Heap before GC invocations=59 (full 0):
 garbage-first heap   total 161792K, used 125708K [0x0000000701c00000, 0x0000000800000000)
  region size 2048K, 47 young (96256K), 1 survivors (2048K)
 Metaspace       used 80185K, committed 80960K, reserved 1179648K
  class space    used 10591K, committed 10944K, reserved 1048576K
}
Event: 524.902 GC heap after
{Heap after GC invocations=60 (full 0):
 garbage-first heap   total 161792K, used 31595K [0x0000000701c00000, 0x0000000800000000)
  region size 2048K, 1 young (2048K), 1 survivors (2048K)
 Metaspace       used 80185K, committed 80960K, reserved 1179648K
  class space    used 10591K, committed 10944K, reserved 1048576K
}
Event: 528.612 GC heap before
{Heap before GC invocations=60 (full 0):
 garbage-first heap   total 161792K, used 125803K [0x0000000701c00000, 0x0000000800000000)
  region size 2048K, 47 young (96256K), 1 survivors (2048K)
 Metaspace       used 80186K, committed 80960K, reserved 1179648K
  class space    used 10591K, committed 10944K, reserved 1048576K
}
Event: 528.613 GC heap after
{Heap after GC invocations=61 (full 0):
 garbage-first heap   total 161792K, used 31605K [0x0000000701c00000, 0x0000000800000000)
  region size 2048K, 1 young (2048K), 1 survivors (2048K)
 Metaspace       used 80186K, committed 80960K, reserved 1179648K
  class space    used 10591K, committed 10944K, reserved 1048576K
}
Event: 532.425 GC heap before
{Heap before GC invocations=61 (full 0):
 garbage-first heap   total 161792K, used 125813K [0x0000000701c00000, 0x0000000800000000)
  region size 2048K, 47 young (96256K), 1 survivors (2048K)
 Metaspace       used 80198K, committed 80960K, reserved 1179648K
  class space    used 10591K, committed 10944K, reserved 1048576K
}
Event: 532.426 GC heap after
{Heap after GC invocations=62 (full 0):
 garbage-first heap   total 161792K, used 31594K [0x0000000701c00000, 0x0000000800000000)
  region size 2048K, 1 young (2048K), 1 survivors (2048K)
 Metaspace       used 80198K, committed 80960K, reserved 1179648K
  class space    used 10591K, committed 10944K, reserved 1048576K
}

